[2023-08-29 13:10:02] local1.ERROR: count [0,[]] 
[2023-08-29 13:20:02] local1.ERROR: count [0,[]] 
[2023-08-29 13:30:02] local1.ERROR: count [0,[]] 
[2023-08-29 13:40:01] local1.ERROR: count [0,[]] 
[2023-08-29 13:50:02] local1.ERROR: count [0,[]] 
[2023-08-29 14:00:02] local1.ERROR: count [0,[]] 
[2023-08-29 14:10:02] local1.ERROR: count [0,[]] 
[2023-08-29 14:11:02] local1.ERROR: wechat {"out_trade_no":"1693303276"} 
[2023-08-29 14:13:42] local1.ERROR: wechat {"out_trade_no":"1693303276"} 
[2023-08-29 14:30:16] local1.ERROR: wechat {"out_trade_no":"1693303276"} 
[2023-08-29 14:30:20] local1.ERROR: $result [{"Yansongda\\Supports\\Collection":{"amount":{"payer_currency":"CNY","total":10},"appid":"wx1a246ef9635faea5","mchid":"1650190961","out_trade_no":"1693303276","promotion_detail":[],"scene_info":{"device_id":""},"trade_state":"NOTPAY","trade_state_desc":"订单未支付"}}] 
[2023-08-29 14:30:20] local1.ERROR: wechat:  /var/www/backend/vendor/yansongda/pay/src/Functions.php 203 5003 {"out_trade_no":"1693303276"} 
[2023-08-29 14:52:53] local1.ERROR: wechat {"out_trade_no":"1693320334"} 
[2023-08-29 14:52:58] local1.ERROR: $result [{"Yansongda\\Supports\\Collection":{"amount":{"currency":"CNY","payer_currency":"CNY","payer_total":10,"total":10},"appid":"wx1a246ef9635faea5","attach":"","bank_type":"ABC_DEBIT","mchid":"1650190961","out_trade_no":"1693320334","payer":{"openid":"o_NcG5-U80jAyUNza3EkgaKNeDfU"},"promotion_detail":[],"success_time":"2023-08-29T22:45:44+08:00","trade_state":"SUCCESS","trade_state_desc":"支付成功","trade_type":"APP","transaction_id":"4200001927202308295104908641"}}] 
[2023-08-29 14:52:58] local1.ERROR: wechat:  /var/www/backend/vendor/yansongda/pay/src/Functions.php 203 5003 {"out_trade_no":"1693320334"} 
[2023-08-29 14:58:30] local1.ERROR: alipay {"out_trade_no":"HE746444044007304035"} 
[2023-08-29 14:58:31] local1.ERROR: $result [{"Yansongda\\Supports\\Collection":{"code":"10000","msg":"Success","buyer_logon_id":"and***@qq.com","buyer_pay_amount":"0.00","buyer_user_id":"2088122002054527","invoice_amount":"0.00","out_trade_no":"HE746444044007304035","point_amount":"0.00","receipt_amount":"0.00","send_pay_date":"2023-08-29 22:44:31","total_amount":"0.01","trade_no":"2023082922001454521414604176","trade_status":"TRADE_SUCCESS"}}] 
[2023-08-29 14:58:31] local1.ERROR:  {"exception":"[object] (Yansongda\\Pay\\Exception\\InvalidResponseException(code: 5003):  at /var/www/backend/vendor/yansongda/pay/src/Plugin/Alipay/CallbackPlugin.php:38)
[stacktrace]
#0 /var/www/backend/vendor/yansongda/supports/src/Pipeline.php(126): Yansongda\\Pay\\Plugin\\Alipay\\CallbackPlugin->assembly()
#1 /var/www/backend/vendor/yansongda/supports/src/Pipeline.php(84): Yansongda\\Supports\\Pipeline->Yansongda\\Supports\\{closure}()
#2 /var/www/backend/vendor/yansongda/pay/src/Provider/AbstractProvider.php(80): Yansongda\\Supports\\Pipeline->then()
#3 /var/www/backend/vendor/yansongda/pay/src/Provider/Alipay.php(139): Yansongda\\Pay\\Provider\\AbstractProvider->pay()
#4 /var/www/backend/app/Http/Controllers/API/v1/Dashboard/Payment/AliPayV2Controller.php(115): Yansongda\\Pay\\Provider\\Alipay->callback()
#5 /var/www/backend/vendor/laravel/framework/src/Illuminate/Routing/Controller.php(54): App\\Http\\Controllers\\API\\v1\\Dashboard\\Payment\\AliPayV2Controller->notify()
#6 /var/www/backend/vendor/laravel/framework/src/Illuminate/Routing/ControllerDispatcher.php(45): Illuminate\\Routing\\Controller->callAction()
#7 /var/www/backend/vendor/laravel/framework/src/Illuminate/Routing/Route.php(262): Illuminate\\Routing\\ControllerDispatcher->dispatch()
#8 /var/www/backend/vendor/laravel/framework/src/Illuminate/Routing/Route.php(205): Illuminate\\Routing\\Route->runController()
#9 /var/www/backend/vendor/laravel/framework/src/Illuminate/Routing/Router.php(721): Illuminate\\Routing\\Route->run()
#10 /var/www/backend/vendor/laravel/framework/src/Illuminate/Pipeline/Pipeline.php(128): Illuminate\\Routing\\Router->Illuminate\\Routing\\{closure}()
#11 /var/www/backend/app/Http/Middleware/TrustLicence.php(79): Illuminate\\Pipeline\\Pipeline->Illuminate\\Pipeline\\{closure}()
#12 /var/www/backend/vendor/laravel/framework/src/Illuminate/Pipeline/Pipeline.php(167): App\\Http\\Middleware\\TrustLicence->handle()
#13 /var/www/backend/vendor/laravel/framework/src/Illuminate/Routing/Middleware/SubstituteBindings.php(50): Illuminate\\Pipeline\\Pipeline->Illuminate\\Pipeline\\{closure}()
#14 /var/www/backend/vendor/laravel/framework/src/Illuminate/Pipeline/Pipeline.php(167): Illuminate\\Routing\\Middleware\\SubstituteBindings->handle()
#15 /var/www/backend/vendor/laravel/framework/src/Illuminate/Routing/Middleware/ThrottleRequests.php(127): Illuminate\\Pipeline\\Pipeline->Illuminate\\Pipeline\\{closure}()
#16 /var/www/backend/vendor/laravel/framework/src/Illuminate/Routing/Middleware/ThrottleRequests.php(63): Illuminate\\Routing\\Middleware\\ThrottleRequests->handleRequest()
#17 /var/www/backend/vendor/laravel/framework/src/Illuminate/Pipeline/Pipeline.php(167): Illuminate\\Routing\\Middleware\\ThrottleRequests->handle()
#18 /var/www/backend/vendor/laravel/framework/src/Illuminate/Pipeline/Pipeline.php(103): Illuminate\\Pipeline\\Pipeline->Illuminate\\Pipeline\\{closure}()
#19 /var/www/backend/vendor/laravel/framework/src/Illuminate/Routing/Router.php(723): Illuminate\\Pipeline\\Pipeline->then()
#20 /var/www/backend/vendor/laravel/framework/src/Illuminate/Routing/Router.php(698): Illuminate\\Routing\\Router->runRouteWithinStack()
#21 /var/www/backend/vendor/laravel/framework/src/Illuminate/Routing/Router.php(662): Illuminate\\Routing\\Router->runRoute()
#22 /var/www/backend/vendor/laravel/framework/src/Illuminate/Routing/Router.php(651): Illuminate\\Routing\\Router->dispatchToRoute()
#23 /var/www/backend/vendor/laravel/framework/src/Illuminate/Foundation/Http/Kernel.php(167): Illuminate\\Routing\\Router->dispatch()
#24 /var/www/backend/vendor/laravel/framework/src/Illuminate/Pipeline/Pipeline.php(128): Illuminate\\Foundation\\Http\\Kernel->Illuminate\\Foundation\\Http\\{closure}()
#25 /var/www/backend/vendor/barryvdh/laravel-debugbar/src/Middleware/InjectDebugbar.php(66): Illuminate\\Pipeline\\Pipeline->Illuminate\\Pipeline\\{closure}()
#26 /var/www/backend/vendor/laravel/framework/src/Illuminate/Pipeline/Pipeline.php(167): Barryvdh\\Debugbar\\Middleware\\InjectDebugbar->handle()
#27 /var/www/backend/vendor/laravel/framework/src/Illuminate/Foundation/Http/Middleware/TransformsRequest.php(21): Illuminate\\Pipeline\\Pipeline->Illuminate\\Pipeline\\{closure}()
#28 /var/www/backend/vendor/laravel/framework/src/Illuminate/Foundation/Http/Middleware/ConvertEmptyStringsToNull.php(31): Illuminate\\Foundation\\Http\\Middleware\\TransformsRequest->handle()
#29 /var/www/backend/vendor/laravel/framework/src/Illuminate/Pipeline/Pipeline.php(167): Illuminate\\Foundation\\Http\\Middleware\\ConvertEmptyStringsToNull->handle()
#30 /var/www/backend/vendor/laravel/framework/src/Illuminate/Foundation/Http/Middleware/TransformsRequest.php(21): Illuminate\\Pipeline\\Pipeline->Illuminate\\Pipeline\\{closure}()
#31 /var/www/backend/vendor/laravel/framework/src/Illuminate/Foundation/Http/Middleware/TrimStrings.php(40): Illuminate\\Foundation\\Http\\Middleware\\TransformsRequest->handle()
#32 /var/www/backend/vendor/laravel/framework/src/Illuminate/Pipeline/Pipeline.php(167): Illuminate\\Foundation\\Http\\Middleware\\TrimStrings->handle()
#33 /var/www/backend/vendor/laravel/framework/src/Illuminate/Foundation/Http/Middleware/ValidatePostSize.php(27): Illuminate\\Pipeline\\Pipeline->Illuminate\\Pipeline\\{closure}()
#34 /var/www/backend/vendor/laravel/framework/src/Illuminate/Pipeline/Pipeline.php(167): Illuminate\\Foundation\\Http\\Middleware\\ValidatePostSize->handle()
#35 /var/www/backend/vendor/laravel/framework/src/Illuminate/Foundation/Http/Middleware/PreventRequestsDuringMaintenance.php(86): Illuminate\\Pipeline\\Pipeline->Illuminate\\Pipeline\\{closure}()
#36 /var/www/backend/vendor/laravel/framework/src/Illuminate/Pipeline/Pipeline.php(167): Illuminate\\Foundation\\Http\\Middleware\\PreventRequestsDuringMaintenance->handle()
#37 /var/www/backend/vendor/fruitcake/laravel-cors/src/HandleCors.php(52): Illuminate\\Pipeline\\Pipeline->Illuminate\\Pipeline\\{closure}()
#38 /var/www/backend/vendor/laravel/framework/src/Illuminate/Pipeline/Pipeline.php(167): Fruitcake\\Cors\\HandleCors->handle()
#39 /var/www/backend/vendor/laravel/framework/src/Illuminate/Http/Middleware/TrustProxies.php(39): Illuminate\\Pipeline\\Pipeline->Illuminate\\Pipeline\\{closure}()
#40 /var/www/backend/vendor/laravel/framework/src/Illuminate/Pipeline/Pipeline.php(167): Illuminate\\Http\\Middleware\\TrustProxies->handle()
#41 /var/www/backend/vendor/laravel/framework/src/Illuminate/Pipeline/Pipeline.php(103): Illuminate\\Pipeline\\Pipeline->Illuminate\\Pipeline\\{closure}()
#42 /var/www/backend/vendor/laravel/framework/src/Illuminate/Foundation/Http/Kernel.php(142): Illuminate\\Pipeline\\Pipeline->then()
#43 /var/www/backend/vendor/laravel/framework/src/Illuminate/Foundation/Http/Kernel.php(111): Illuminate\\Foundation\\Http\\Kernel->sendRequestThroughRouter()
#44 /var/www/backend/public/index.php(52): Illuminate\\Foundation\\Http\\Kernel->handle()
#45 {main}
"} 
[2023-08-29 15:08:15] local1.ERROR: alipay {"order_id":"2824"} 
[2023-08-29 15:08:18] local1.ERROR: $result [{"Yansongda\\Supports\\Collection":{"msg":"Business Failed","code":"40004","sub_msg":"参数无效：支付宝订单号和外部订单号不能同时为空","sub_code":"ACQ.INVALID_PARAMETER","receipt_amount":"0.00","point_amount":"0.00","buyer_pay_amount":"0.00","invoice_amount":"0.00"}}] 
[2023-08-29 15:17:34] local1.ERROR: alipay {"order_id":"2824"} 
[2023-08-29 15:17:38] local1.ERROR: $result [{"Yansongda\\Supports\\Collection":{"msg":"Business Failed","code":"40004","sub_msg":"参数无效：支付宝订单号和外部订单号不能同时为空","sub_code":"ACQ.INVALID_PARAMETER","receipt_amount":"0.00","point_amount":"0.00","buyer_pay_amount":"0.00","invoice_amount":"0.00"}}] 
[2023-08-29 15:19:29] local1.ERROR: alipay {"order_id":"2824"} 
[2023-08-29 15:19:32] local1.ERROR: $result [{"Yansongda\\Supports\\Collection":{"msg":"Business Failed","code":"40004","sub_msg":"参数无效：支付宝订单号和外部订单号不能同时为空","sub_code":"ACQ.INVALID_PARAMETER","receipt_amount":"0.00","point_amount":"0.00","buyer_pay_amount":"0.00","invoice_amount":"0.00"}}] 
[2023-08-29 15:21:06] local1.ERROR: alipay {"order_id":"2824"} 
[2023-08-29 15:21:08] local1.ERROR: $result [{"Yansongda\\Supports\\Collection":{"msg":"Business Failed","code":"40004","out_trade_no":"1693320334","sub_msg":"交易不存在","sub_code":"ACQ.TRADE_NOT_EXIST","receipt_amount":"0.00","point_amount":"0.00","buyer_pay_amount":"0.00","invoice_amount":"0.00"}}] 
[2023-08-29 15:23:54] local1.ERROR: alipay {"order_id":"2824"} 
[2023-08-29 15:23:56] local1.ERROR: $result [{"Yansongda\\Supports\\Collection":{"msg":"Business Failed","code":"40004","sub_msg":"参数无效：支付宝订单号和外部订单号不能同时为空","sub_code":"ACQ.INVALID_PARAMETER","receipt_amount":"0.00","point_amount":"0.00","buyer_pay_amount":"0.00","invoice_amount":"0.00"}}] 
[2023-08-29 15:24:04] local1.ERROR: wechat {"order_id":"2824"} 
[2023-08-29 15:24:06] local1.ERROR: wechat:  /var/www/backend/vendor/yansongda/pay/src/Functions.php 203 5003 {"order_id":"2824"} 
[2023-08-29 15:24:25] local1.ERROR: wechat {"order_id":"2824"} 
[2023-08-29 15:24:25] local1.ERROR: wechat: Params Error /var/www/backend/vendor/yansongda/pay/src/Plugin/Wechat/Pay/Common/QueryPlugin.php 40 4006 {"order_id":"2824"} 
[2023-08-29 15:24:34] local1.ERROR: wechat {"order_id":"2824"} 
[2023-08-29 15:24:34] local1.ERROR: wechat: Params Error /var/www/backend/vendor/yansongda/pay/src/Plugin/Wechat/Pay/Common/QueryPlugin.php 40 4006 {"order_id":"2824"} 
[2023-08-29 15:24:45] local1.ERROR: wechat {"order_id":"2824"} 
[2023-08-29 15:24:45] local1.ERROR: wechat: Params Error /var/www/backend/vendor/yansongda/pay/src/Plugin/Wechat/Pay/Common/QueryPlugin.php 40 4006 {"order_id":"2824"} 
[2023-08-29 15:24:57] local1.ERROR: wechat {"order_id":"2824"} 
[2023-08-29 15:25:13] local1.ERROR: wechat {"order_id":"2824"} 
[2023-08-29 15:28:10] local1.ERROR: wechat {"order_id":"2824"} 
[2023-08-29 15:28:10] local1.ERROR: wechat: Params Error /var/www/backend/vendor/yansongda/pay/src/Plugin/Wechat/Pay/Common/QueryPlugin.php 40 4006 {"order_id":"2824"} 
[2023-08-29 15:28:19] local1.ERROR: wechat {"order_id":"2824"} 
[2023-08-29 15:28:19] local1.ERROR: wechat: Params Error /var/www/backend/vendor/yansongda/pay/src/Plugin/Wechat/Pay/Common/QueryPlugin.php 40 4006 {"order_id":"2824"} 
[2023-08-29 15:28:32] local1.ERROR: wechat {"order_id":"2824"} 
[2023-08-29 15:28:49] local1.ERROR: wechat {"order_id":"2824"} 
[2023-08-29 15:29:05] local1.ERROR: wechat {"order_id":"2824"} 
[2023-08-29 15:29:29] local1.ERROR: wechat {"order_id":"2824"} 
[2023-08-29 15:29:37] local1.ERROR: wechat {"order_id":"2824"} 
[2023-08-29 15:29:40] local1.ERROR: $result [{"Yansongda\\Supports\\Collection":{"amount":{"currency":"CNY","payer_currency":"CNY","payer_total":10,"total":10},"appid":"wx1a246ef9635faea5","attach":"","bank_type":"ABC_DEBIT","mchid":"1650190961","out_trade_no":"1693320334","payer":{"openid":"o_NcG5-U80jAyUNza3EkgaKNeDfU"},"promotion_detail":[],"success_time":"2023-08-29T22:45:44+08:00","trade_state":"SUCCESS","trade_state_desc":"支付成功","trade_type":"APP","transaction_id":"4200001927202308295104908641"}}] 
[2023-08-29 15:29:46] local1.ERROR: wechat {"order_id":"2824"} 
[2023-08-29 15:29:48] local1.ERROR: $result [{"Yansongda\\Supports\\Collection":{"amount":{"currency":"CNY","payer_currency":"CNY","payer_total":10,"total":10},"appid":"wx1a246ef9635faea5","attach":"","bank_type":"ABC_DEBIT","mchid":"1650190961","out_trade_no":"1693320334","payer":{"openid":"o_NcG5-U80jAyUNza3EkgaKNeDfU"},"promotion_detail":[],"success_time":"2023-08-29T22:45:44+08:00","trade_state":"SUCCESS","trade_state_desc":"支付成功","trade_type":"APP","transaction_id":"4200001927202308295104908641"}}] 
[2023-08-29 15:31:45] local1.ERROR: wechat {"order_id":"2824"} 
[2023-08-29 15:31:49] local1.ERROR: $result [{"Yansongda\\Supports\\Collection":{"amount":{"currency":"CNY","payer_currency":"CNY","payer_total":10,"total":10},"appid":"wx1a246ef9635faea5","attach":"","bank_type":"ABC_DEBIT","mchid":"1650190961","out_trade_no":"1693320334","payer":{"openid":"o_NcG5-U80jAyUNza3EkgaKNeDfU"},"promotion_detail":[],"success_time":"2023-08-29T22:45:44+08:00","trade_state":"SUCCESS","trade_state_desc":"支付成功","trade_type":"APP","transaction_id":"4200001927202308295104908641"}}] 
[2023-08-29 15:32:03] local1.ERROR: wechat {"order_id":"2824"} 
[2023-08-29 15:32:09] local1.ERROR: wechat: cURL error 28: Operation timed out after 5001 milliseconds with 0 bytes received (see https://curl.haxx.se/libcurl/c/libcurl-errors.html) for https://api.mch.weixin.qq.com/v3/certificates /var/www/backend/vendor/yansongda/pay/src/Provider/AbstractProvider.php 128 5001 {"order_id":"2824"} 
[2023-08-29 15:32:20] local1.ERROR: wechat {"order_id":"2824"} 
[2023-08-29 15:32:28] local1.ERROR: wechat {"order_id":"2824"} 
[2023-08-29 15:33:09] local1.ERROR: wechat {"order_id":"2824"} 
[2023-08-29 15:42:42] local1.ERROR: wechat {"order_id":"2824"} 
[2023-08-29 15:42:42] local1.ERROR: wechat: Params Error /var/www/backend/vendor/yansongda/pay/src/Plugin/Wechat/Pay/Common/QueryPlugin.php 40 4006 {"order_id":"2824"} 
[2023-08-29 15:43:02] local1.ERROR: wechat {"order_id":"2824"} 
[2023-08-29 15:43:02] local1.ERROR: wechat: Params Error /var/www/backend/vendor/yansongda/pay/src/Plugin/Wechat/Pay/Common/QueryPlugin.php 40 4006 {"order_id":"2824"} 
[2023-08-29 15:43:03] local1.ERROR: wechat {"order_id":"2824"} 
[2023-08-29 15:43:03] local1.ERROR: wechat: Params Error /var/www/backend/vendor/yansongda/pay/src/Plugin/Wechat/Pay/Common/QueryPlugin.php 40 4006 {"order_id":"2824"} 
[2023-08-29 15:43:15] local1.ERROR: wechat {"order_id":"2824"} 
[2023-08-29 15:43:19] local1.ERROR: $result [{"Yansongda\\Supports\\Collection":{"amount":{"currency":"CNY","payer_currency":"CNY","payer_total":10,"total":10},"appid":"wx1a246ef9635faea5","attach":"","bank_type":"ABC_DEBIT","mchid":"1650190961","out_trade_no":"1693320334","payer":{"openid":"o_NcG5-U80jAyUNza3EkgaKNeDfU"},"promotion_detail":[],"success_time":"2023-08-29T22:45:44+08:00","trade_state":"SUCCESS","trade_state_desc":"支付成功","trade_type":"APP","transaction_id":"4200001927202308295104908641"}}] 
[2023-08-29 15:43:35] local1.ERROR: wechat {"order_id":"2824"} 
[2023-08-29 15:43:37] local1.ERROR: $result [{"Yansongda\\Supports\\Collection":{"amount":{"currency":"CNY","payer_currency":"CNY","payer_total":10,"total":10},"appid":"wx1a246ef9635faea5","attach":"","bank_type":"ABC_DEBIT","mchid":"1650190961","out_trade_no":"1693320334","payer":{"openid":"o_NcG5-U80jAyUNza3EkgaKNeDfU"},"promotion_detail":[],"success_time":"2023-08-29T22:45:44+08:00","trade_state":"SUCCESS","trade_state_desc":"支付成功","trade_type":"APP","transaction_id":"4200001927202308295104908641"}}] 
[2023-08-29 15:43:54] local1.ERROR: wechat {"order_id":"2824"} 
[2023-08-29 15:43:56] local1.ERROR: $result [{"Yansongda\\Supports\\Collection":{"amount":{"currency":"CNY","payer_currency":"CNY","payer_total":10,"total":10},"appid":"wx1a246ef9635faea5","attach":"","bank_type":"ABC_DEBIT","mchid":"1650190961","out_trade_no":"1693320334","payer":{"openid":"o_NcG5-U80jAyUNza3EkgaKNeDfU"},"promotion_detail":[],"success_time":"2023-08-29T22:45:44+08:00","trade_state":"SUCCESS","trade_state_desc":"支付成功","trade_type":"APP","transaction_id":"4200001927202308295104908641"}}] 
[2023-08-29 15:45:21] local1.ERROR: wechat {"order_id":"2824"} 
[2023-08-29 15:45:24] local1.ERROR: $result [{"Yansongda\\Supports\\Collection":{"amount":{"currency":"CNY","payer_currency":"CNY","payer_total":10,"total":10},"appid":"wx1a246ef9635faea5","attach":"","bank_type":"ABC_DEBIT","mchid":"1650190961","out_trade_no":"1693320334","payer":{"openid":"o_NcG5-U80jAyUNza3EkgaKNeDfU"},"promotion_detail":[],"success_time":"2023-08-29T22:45:44+08:00","trade_state":"SUCCESS","trade_state_desc":"支付成功","trade_type":"APP","transaction_id":"4200001927202308295104908641"}}] 
[2023-08-29 15:47:00] local1.ERROR: wechat {"order_id":"2824"} 
[2023-08-29 15:47:04] local1.ERROR: $result [{"Yansongda\\Supports\\Collection":{"amount":{"currency":"CNY","payer_currency":"CNY","payer_total":10,"total":10},"appid":"wx1a246ef9635faea5","attach":"","bank_type":"ABC_DEBIT","mchid":"1650190961","out_trade_no":"1693320334","payer":{"openid":"o_NcG5-U80jAyUNza3EkgaKNeDfU"},"promotion_detail":[],"success_time":"2023-08-29T22:45:44+08:00","trade_state":"SUCCESS","trade_state_desc":"支付成功","trade_type":"APP","transaction_id":"4200001927202308295104908641"}}] 
[2023-08-29 15:47:06] local1.ERROR: alipay {"order_id":"2824"} 
[2023-08-29 15:47:08] local1.ERROR: $result [{"Yansongda\\Supports\\Collection":{"msg":"Business Failed","code":"40004","out_trade_no":"1693320334","sub_msg":"交易不存在","sub_code":"ACQ.TRADE_NOT_EXIST","receipt_amount":"0.00","point_amount":"0.00","buyer_pay_amount":"0.00","invoice_amount":"0.00"}}] 
